<?xml version="1.0" encoding="UTF-8"?>
<!-- Generated by org.testng.reporters.JUnitReportReporter -->
<testsuite hostname="LAPTOP-PU8VKKP8" failures="0" tests="1" name="EcommerceTestCases.HomePageValidation" time="0.247" errors="0" timestamp="2022-11-27T19:51:08 IST" skipped="0">
  <testcase classname="EcommerceTestCases.HomePageValidation" name="HomePageCheck" time="0.247"/>
  <system-out/>
</testsuite> <!-- EcommerceTestCases.HomePageValidation -->
