<?xml version="1.0" encoding="UTF-8"?>
<!-- Generated by org.testng.reporters.JUnitReportReporter -->
<testsuite hostname="LAPTOP-PU8VKKP8" failures="0" tests="2" name="EcommerceTestCases.CartPageValidation" time="17.345" errors="0" timestamp="2022-11-25T20:42:28 IST" skipped="0">
  <testcase classname="EcommerceTestCases.CartPageValidation" name="signIn" time="1.381"/>
  <system-out/>
  <testcase classname="EcommerceTestCases.CartPageValidation" name="cartCheck" time="15.964"/>
  <system-out/>
</testsuite> <!-- EcommerceTestCases.CartPageValidation -->
