<?xml version="1.0" encoding="UTF-8"?>
<!-- Generated by org.testng.reporters.JUnitReportReporter -->
<testsuite hostname="LAPTOP-PU8VKKP8" failures="0" tests="1" name="HomePageValidation" time="0.050" errors="0" timestamp="2022-11-19T19:37:05 IST" skipped="0">
  <testcase classname="HomePageValidation" name="HomePageCheck" time="0.050"/>
  <system-out/>
</testsuite> <!-- HomePageValidation -->
