<?xml version="1.0" encoding="UTF-8"?>
<!-- Generated by org.testng.reporters.JUnitReportReporter -->
<testsuite hostname="LAPTOP-PU8VKKP8" failures="0" tests="1" name="EcommerceTestCases.ContactPageValidation" time="0.532" errors="0" timestamp="2022-11-24T13:03:27 IST" skipped="0">
  <testcase classname="EcommerceTestCases.ContactPageValidation" name="ContactPageCheck" time="0.532"/>
  <system-out/>
</testsuite> <!-- EcommerceTestCases.ContactPageValidation -->
