<?xml version="1.0" encoding="UTF-8"?>
<!-- Generated by org.testng.reporters.JUnitReportReporter -->
<testsuite hostname="LAPTOP-PU8VKKP8" failures="0" tests="2" name="EcommerceTestCases.ReviewPageValidation" time="4.568" errors="0" timestamp="2022-11-24T12:33:47 IST" skipped="0">
  <testcase classname="EcommerceTestCases.ReviewPageValidation" name="signIn" time="1.250"/>
  <system-out/>
  <testcase classname="EcommerceTestCases.ReviewPageValidation" name="ECReviewCheck" time="3.318"/>
  <system-out/>
</testsuite> <!-- EcommerceTestCases.ReviewPageValidation -->
