<?xml version="1.0" encoding="UTF-8"?>
<!-- Generated by org.testng.reporters.JUnitReportReporter -->
<testsuite hostname="LAPTOP-PU8VKKP8" failures="0" tests="4" name="EcommerceTestCases.EndFlowEcommerce" time="25.594" errors="0" timestamp="2022-11-27T17:01:57 IST" skipped="0">
  <testcase classname="EcommerceTestCases.EndFlowEcommerce" name="homePage" time="0.403"/>
  <system-out/>
  <testcase classname="EcommerceTestCases.EndFlowEcommerce" name="signIn" time="1.143"/>
  <system-out/>
  <testcase classname="EcommerceTestCases.EndFlowEcommerce" name="cartCheck" time="23.771"/>
  <system-out/>
  <testcase classname="EcommerceTestCases.EndFlowEcommerce" name="OrderHistory" time="0.277"/>
  <system-out/>
</testsuite> <!-- EcommerceTestCases.EndFlowEcommerce -->
