<?xml version="1.0" encoding="UTF-8"?>
<!-- Generated by org.testng.reporters.JUnitReportReporter -->
<testsuite hostname="LAPTOP-PU8VKKP8" failures="0" tests="2" name="EcommerceTestCases.OrderHistoryPageValidation" time="0.799" errors="0" timestamp="2022-11-25T16:15:05 IST" skipped="0">
  <testcase classname="EcommerceTestCases.OrderHistoryPageValidation" name="signIn" time="0.614"/>
  <system-out/>
  <testcase classname="EcommerceTestCases.OrderHistoryPageValidation" name="orderHistoryCheck" time="0.185"/>
  <system-out/>
</testsuite> <!-- EcommerceTestCases.OrderHistoryPageValidation -->
