<?xml version="1.0" encoding="UTF-8"?>
<!-- Generated by org.testng.reporters.JUnitReportReporter -->
<testsuite hostname="LAPTOP-PU8VKKP8" failures="0" tests="1" name="EcommerceErrorCheckTestCases.SignInPageErrorMsgValidation" time="0.461" errors="0" timestamp="2022-11-30T16:03:47 IST" skipped="0">
  <testcase classname="EcommerceErrorCheckTestCases.SignInPageErrorMsgValidation" name="signInCheck" time="0.461"/>
  <system-out/>
</testsuite> <!-- EcommerceErrorCheckTestCases.SignInPageErrorMsgValidation -->
