<?xml version="1.0" encoding="UTF-8"?>
<!-- Generated by org.testng.reporters.JUnitReportReporter -->
<testsuite hostname="LAPTOP-PU8VKKP8" failures="0" tests="2" name="EcommerceTestCases.CartPageValidationWithMultipleProducts" time="14.601" errors="0" timestamp="2022-11-29T17:18:33 IST" skipped="0">
  <testcase classname="EcommerceTestCases.CartPageValidationWithMultipleProducts" name="signIn" time="1.411"/>
  <system-out/>
  <testcase classname="EcommerceTestCases.CartPageValidationWithMultipleProducts" name="cartCheck" time="13.190"/>
  <system-out/>
</testsuite> <!-- EcommerceTestCases.CartPageValidationWithMultipleProducts -->
