<?xml version="1.0" encoding="UTF-8"?>
<!-- Generated by org.testng.reporters.JUnitReportReporter -->
<testsuite hostname="LAPTOP-PU8VKKP8" failures="0" tests="4" name="EcommerceTestCases.EndFlowEcommerce" time="13.872" errors="0" timestamp="2022-11-30T11:12:18 IST" skipped="0">
  <testcase classname="EcommerceTestCases.EndFlowEcommerce" name="homePage" time="0.255"/>
  <system-out/>
  <testcase classname="EcommerceTestCases.EndFlowEcommerce" name="signIn" time="0.791"/>
  <system-out/>
  <testcase classname="EcommerceTestCases.EndFlowEcommerce" name="cartCheck" time="12.642"/>
  <system-out/>
  <testcase classname="EcommerceTestCases.EndFlowEcommerce" name="OrderHistory" time="0.184"/>
  <system-out/>
</testsuite> <!-- EcommerceTestCases.EndFlowEcommerce -->
